<?xml version="1.0" encoding="UTF-8"?>
<!-- Generated by org.testng.reporters.JUnitReportReporter -->
<testsuite hostname="ASUS" failures="0" tests="1" name="com.TestNG.FacebookMain" time="28.489" errors="0" timestamp="2025-02-11T13:07:45 IST" skipped="0">
  <testcase classname="com.TestNG.FacebookMain" name="FacebookLoginTest" time="28.489"/>
  <system-out/>
</testsuite> <!-- com.TestNG.FacebookMain -->
