<?xml version="1.0" encoding="UTF-8"?>
<!-- Generated by org.testng.reporters.JUnitReportReporter -->
<testsuite hostname="ASUS" failures="0" tests="2" name="com.TestNG.OHRMMain" time="131.292" errors="0" timestamp="2025-02-11T13:07:45 IST" skipped="0">
  <testcase classname="com.TestNG.OHRMMain" name="OHRMLoginTest" time="84.142"/>
  <system-out/>
  <testcase classname="com.TestNG.OHRMMain" name="logOut" time="47.150"/>
  <system-out/>
</testsuite> <!-- com.TestNG.OHRMMain -->
