<?xml version="1.0" encoding="UTF-8"?>
<!-- Generated by org.testng.reporters.JUnitReportReporter -->
<testsuite hostname="ASUS" failures="0" tests="5" name="com.TestNG.TestNGEnable" time="0.049" errors="0" timestamp="2025-02-12T15:30:22 IST" skipped="2">
  <testcase classname="com.TestNG.TestNGEnable" name="EditEmployee" time="0.014"/>
  <system-out/>
  <testcase classname="com.TestNG.TestNGEnable" name="SelectEmployee" time="0.033"/>
  <system-out/>
  <testcase classname="com.TestNG.TestNGEnable" name="UpdateEmployee" time="0.002"/>
  <system-out/>
  <testcase classname="com.TestNG.TestNGEnable" name="AddEmployee">
    <skipped/>
  </testcase> <!-- AddEmployee -->
  <system-out/>
  <testcase classname="com.TestNG.TestNGEnable" name="DeleteEmployee">
    <skipped/>
  </testcase> <!-- DeleteEmployee -->
  <system-out/>
</testsuite> <!-- com.TestNG.TestNGEnable -->
