<?xml version="1.0" encoding="UTF-8"?>
<!-- Generated by org.testng.reporters.JUnitReportReporter -->
<testsuite hostname="ASUS" failures="0" tests="1" name="com.TestNG.GroupingTest" time="0.011" errors="0" timestamp="2025-02-12T16:01:44 IST" skipped="0">
  <testcase classname="com.TestNG.GroupingTest" name="Test3" time="0.011"/>
  <system-out/>
</testsuite> <!-- com.TestNG.GroupingTest -->
