<?xml version="1.0" encoding="UTF-8"?>
<!-- Generated by org.testng.reporters.JUnitReportReporter -->
<testsuite hostname="ASUS" failures="0" tests="5" name="com.TestNG.TestNGPrioritization" time="0.029" errors="0" timestamp="2025-02-12T15:25:19 IST" skipped="0">
  <testcase classname="com.TestNG.TestNGPrioritization" name="EditEmployee" time="0.004"/>
  <system-out/>
  <testcase classname="com.TestNG.TestNGPrioritization" name="SelectEmployee" time="0.006"/>
  <system-out/>
  <testcase classname="com.TestNG.TestNGPrioritization" name="UpdateEmployee" time="0.004"/>
  <system-out/>
  <testcase classname="com.TestNG.TestNGPrioritization" name="AddEmployee" time="0.012"/>
  <system-out/>
  <testcase classname="com.TestNG.TestNGPrioritization" name="DeleteEmployee" time="0.003"/>
  <system-out/>
</testsuite> <!-- com.TestNG.TestNGPrioritization -->
