<?xml version="1.0" encoding="UTF-8"?>
<!-- Generated by org.testng.reporters.JUnitReportReporter -->
<testsuite hostname="ASUS" failures="0" tests="4" name="com.TestNG.TestNGDataProvider" time="48.661" errors="0" timestamp="2025-02-12T16:15:12 IST" skipped="0">
  <testcase classname="com.TestNG.TestNGDataProvider" name="LoginTest" time="9.581"/>
  <system-out/>
  <testcase classname="com.TestNG.TestNGDataProvider" name="LoginTest" time="9.699"/>
  <system-out/>
  <testcase classname="com.TestNG.TestNGDataProvider" name="LoginTest" time="20.158"/>
  <system-out/>
  <testcase classname="com.TestNG.TestNGDataProvider" name="LoginTest" time="9.223"/>
  <system-out/>
</testsuite> <!-- com.TestNG.TestNGDataProvider -->
