<?xml version="1.0" encoding="UTF-8"?>
<!-- Generated by org.testng.reporters.JUnitReportReporter -->
<testsuite hostname="ASUS" failures="0" tests="5" name="com.TestNG.TestNGPrioritizations" time="0.039" errors="0" timestamp="2025-02-12T15:27:22 IST" skipped="0">
  <testcase classname="com.TestNG.TestNGPrioritizations" name="DeleteEmployee" time="0.026"/>
  <system-out/>
  <testcase classname="com.TestNG.TestNGPrioritizations" name="SelectEmployee" time="0.001"/>
  <system-out/>
  <testcase classname="com.TestNG.TestNGPrioritizations" name="UpdateEmployee" time="0.004"/>
  <system-out/>
  <testcase classname="com.TestNG.TestNGPrioritizations" name="AddEmployee" time="0.003"/>
  <system-out/>
  <testcase classname="com.TestNG.TestNGPrioritizations" name="EditEmployee" time="0.005"/>
  <system-out/>
</testsuite> <!-- com.TestNG.TestNGPrioritizations -->
