<?xml version="1.0" encoding="UTF-8"?>
<!-- Generated by org.testng.reporters.JUnitReportReporter -->
<testsuite hostname="ASUS" failures="0" tests="1" name="com.TestNG.TestNGAnnotations" time="0.013" errors="0" timestamp="2025-02-12T15:22:48 IST" skipped="0">
  <testcase classname="com.TestNG.TestNGAnnotations" name="test" time="0.013"/>
  <system-out/>
</testsuite> <!-- com.TestNG.TestNGAnnotations -->
