<?xml version="1.0" encoding="UTF-8"?>
<!-- Generated by org.testng.reporters.JUnitReportReporter -->
<testsuite hostname="ASUS" failures="0" tests="1" name="com.TestNG.Assertions" time="0.017" errors="0" timestamp="2025-02-12T19:36:26 IST" skipped="0">
  <testcase classname="com.TestNG.Assertions" name="testAssertion" time="0.017"/>
  <system-out/>
</testsuite> <!-- com.TestNG.Assertions -->
