<?xml version="1.0" encoding="UTF-8"?>
<!-- Generated by org.testng.reporters.JUnitReportReporter -->
<testsuite hostname="ASUS" failures="0" tests="1" name="com.TestNG.TestNGBasic" time="0.026" errors="0" timestamp="2025-02-12T15:21:46 IST" skipped="0">
  <testcase classname="com.TestNG.TestNGBasic" name="testmethod" time="0.026"/>
  <system-out/>
</testsuite> <!-- com.TestNG.TestNGBasic -->
